<?xml version="1.0" encoding="UTF-8"?>
<testng-results ignored="0" total="3" passed="3" failed="0" skipped="0">
  <reporter-output>
  </reporter-output>
  <suite started-at="2023-06-29T22:09:10 IST" name="JupiterToys" finished-at="2023-06-29T22:10:12 IST" duration-ms="61939">
    <groups>
    </groups>
    <test started-at="2023-06-29T22:09:10 IST" name="TC_001" finished-at="2023-06-29T22:09:38 IST" duration-ms="27920">
      <class name="testcases.TC_001_ContactUsFormErrorValidation">
        <test-method is-config="true" signature="initialize()[pri:0, instance:testcases.TC_001_ContactUsFormErrorValidation@7ce3cb8e]" started-at="2023-06-29T22:09:10 IST" name="initialize" finished-at="2023-06-29T22:09:35 IST" duration-ms="24298" status="PASS">
          <reporter-output>
          </reporter-output>
        </test-method> <!-- initialize -->
        <test-method signature="TC_001_ContactUsFormErrorValidation()[pri:0, instance:testcases.TC_001_ContactUsFormErrorValidation@7ce3cb8e]" started-at="2023-06-29T22:09:35 IST" name="TC_001_ContactUsFormErrorValidation" finished-at="2023-06-29T22:09:38 IST" duration-ms="3495" status="PASS">
          <reporter-output>
          </reporter-output>
        </test-method> <!-- TC_001_ContactUsFormErrorValidation -->
        <test-method is-config="true" signature="TeardownTest()[pri:0, instance:testcases.TC_001_ContactUsFormErrorValidation@7ce3cb8e]" started-at="2023-06-29T22:09:38 IST" name="TeardownTest" finished-at="2023-06-29T22:09:38 IST" duration-ms="113" status="PASS">
          <reporter-output>
          </reporter-output>
        </test-method> <!-- TeardownTest -->
      </class> <!-- testcases.TC_001_ContactUsFormErrorValidation -->
    </test> <!-- TC_001 -->
    <test started-at="2023-06-29T22:09:39 IST" name="TC_002" finished-at="2023-06-29T22:09:58 IST" duration-ms="19579">
      <class name="testcases.TC_002_ContactUsFormSubmittion">
        <test-method is-config="true" signature="initialize()[pri:0, instance:testcases.TC_002_ContactUsFormSubmittion@1725dc0f]" started-at="2023-06-29T22:09:39 IST" name="initialize" finished-at="2023-06-29T22:09:48 IST" duration-ms="9865" status="PASS">
          <reporter-output>
          </reporter-output>
        </test-method> <!-- initialize -->
        <test-method signature="TC_002_ContactUsFormSubmittion()[pri:0, instance:testcases.TC_002_ContactUsFormSubmittion@1725dc0f]" started-at="2023-06-29T22:09:48 IST" name="TC_002_ContactUsFormSubmittion" finished-at="2023-06-29T22:09:58 IST" duration-ms="9604" status="PASS">
          <reporter-output>
          </reporter-output>
        </test-method> <!-- TC_002_ContactUsFormSubmittion -->
        <test-method is-config="true" signature="TeardownTest()[pri:0, instance:testcases.TC_002_ContactUsFormSubmittion@1725dc0f]" started-at="2023-06-29T22:09:58 IST" name="TeardownTest" finished-at="2023-06-29T22:09:58 IST" duration-ms="109" status="PASS">
          <reporter-output>
          </reporter-output>
        </test-method> <!-- TeardownTest -->
      </class> <!-- testcases.TC_002_ContactUsFormSubmittion -->
    </test> <!-- TC_002 -->
    <test started-at="2023-06-29T22:09:58 IST" name="TC_003" finished-at="2023-06-29T22:10:12 IST" duration-ms="14273">
      <class name="testcases.TC_003_ProductValidation">
        <test-method is-config="true" signature="initialize()[pri:0, instance:testcases.TC_003_ProductValidation@3d74bf60]" started-at="2023-06-29T22:09:58 IST" name="initialize" finished-at="2023-06-29T22:10:06 IST" duration-ms="8355" status="PASS">
          <reporter-output>
          </reporter-output>
        </test-method> <!-- initialize -->
        <test-method signature="TC_003_ProductValidation()[pri:0, instance:testcases.TC_003_ProductValidation@3d74bf60]" started-at="2023-06-29T22:10:06 IST" name="TC_003_ProductValidation" finished-at="2023-06-29T22:10:12 IST" duration-ms="5773" status="PASS">
          <reporter-output>
          </reporter-output>
        </test-method> <!-- TC_003_ProductValidation -->
        <test-method is-config="true" signature="TeardownTest()[pri:0, instance:testcases.TC_003_ProductValidation@3d74bf60]" started-at="2023-06-29T22:10:12 IST" name="TeardownTest" finished-at="2023-06-29T22:10:12 IST" duration-ms="144" status="PASS">
          <reporter-output>
          </reporter-output>
        </test-method> <!-- TeardownTest -->
      </class> <!-- testcases.TC_003_ProductValidation -->
    </test> <!-- TC_003 -->
  </suite> <!-- JupiterToys -->
</testng-results>
